Date: 2023-07-09 17:11:02 | Rows: 0
Date: 2023-07-09 17:55:02 | Rows: 0
Date: 2023-07-09 17:56:02 | Rows: 0
Date: 2023-07-09 17:57:02 | Rows: 0
Date: 2023-07-09 18:07:02 | Rows: 0
Date: 2023-07-09 18:08:02 | Rows: 0
Date: 2023-07-09 18:09:01 | Rows: 0
Date: 2023-07-09 18:10:02 | Rows: 0
Date: 2023-07-09 18:11:01 | Rows: 0
Date: 2023-07-09 18:12:01 | Rows: 0
Date: 2023-07-09 18:13:02 | Rows: 0
Date: 2023-07-09 18:14:02 | Rows: 0
Date: 2023-07-09 18:15:02 | Rows: 0
Date: 2023-07-09 18:16:02 | Rows: 0
Date: 2023-07-09 18:17:02 | Rows: 0
Date: 2023-10-01 15:09:02 | Rows: 0
Date: 2023-10-01 15:10:03 | Rows: 0
Date: 2023-10-01 15:11:01 | Rows: 0
Date: 2023-10-01 15:12:01 | Rows: 0
Date: 2023-10-01 15:13:02 | Rows: 0
Date: 2023-10-01 15:14:02 | Rows: 0
Date: 2023-10-01 15:15:03 | Rows: 0
Date: 2023-10-01 15:16:02 | Rows: 0
Date: 2023-10-01 15:17:02 | Rows: 0
Date: 2023-10-01 15:18:02 | Rows: 0
Date: 2023-10-01 15:19:01 | Rows: 0
Date: 2023-10-01 15:20:01 | Rows: 0
Date: 2023-10-01 15:21:02 | Rows: 0
Date: 2023-10-01 15:22:02 | Rows: 0
Date: 2023-10-01 15:23:02 | Rows: 0
Date: 2023-10-01 15:24:02 | Rows: 0
Date: 2023-10-01 15:25:02 | Rows: 0
Date: 2023-10-01 15:26:02 | Rows: 0
Date: 2023-10-01 15:27:02 | Rows: 0
Date: 2023-10-01 15:28:02 | Rows: 0
Date: 2023-10-01 15:29:02 | Rows: 0
Date: 2023-10-01 15:30:02 | Rows: 0
Date: 2023-10-01 15:31:02 | Rows: 0
Date: 2023-10-01 15:32:02 | Rows: 0
Date: 2023-10-01 15:33:02 | Rows: 0
Date: 2023-10-01 15:34:02 | Rows: 0
Фотография успешно загружена: PkiGKP2ng70.jpg<br>Date: 2023-10-01 15:35:03 | Rows: 1

Fatal error: Uncaught Error: Call to undefined function GuzzleHttp\Promise\unwrap() in /var/www/html/vendor/irazasyed/telegram-bot-sdk/src/HttpClients/GuzzleHttpClient.php:50
Stack trace:
#0 [internal function]: Telegram\Bot\HttpClients\GuzzleHttpClient->__destruct()
#1 {main}
  thrown in /var/www/html/vendor/irazasyed/telegram-bot-sdk/src/HttpClients/GuzzleHttpClient.php on line 50
<pre>"156336168876215"</pre>Date: 2023-10-01 15:36:02 | Rows: 0
Date: 2023-10-01 15:37:02 | Rows: 0
Date: 2023-10-01 15:38:02 | Rows: 0
Date: 2023-10-01 15:39:02 | Rows: 0
Date: 2023-10-01 15:40:02 | Rows: 0
Date: 2023-10-01 15:41:02 | Rows: 0
Date: 2023-10-01 15:42:02 | Rows: 0
Date: 2023-10-01 15:43:02 | Rows: 0
Date: 2023-10-01 15:44:02 | Rows: 0
Date: 2023-10-01 15:45:02 | Rows: 0
Date: 2023-10-01 15:46:02 | Rows: 0
Date: 2023-10-01 15:47:02 | Rows: 0
Date: 2023-10-01 15:48:02 | Rows: 0
Date: 2023-10-01 15:49:02 | Rows: 0
Date: 2023-10-01 15:50:02 | Rows: 0
Date: 2023-10-01 15:51:02 | Rows: 0
Date: 2023-10-01 15:52:02 | Rows: 0
Date: 2023-10-01 15:53:02 | Rows: 0
Date: 2023-10-01 15:54:02 | Rows: 0
Date: 2023-10-01 15:55:02 | Rows: 0
Date: 2023-10-01 15:56:02 | Rows: 0
Date: 2023-10-01 15:57:02 | Rows: 0
Date: 2023-10-01 15:58:02 | Rows: 0
Date: 2023-10-01 15:59:02 | Rows: 0
Date: 2023-10-01 16:00:02 | Rows: 0
Date: 2023-10-01 16:01:02 | Rows: 0
Date: 2023-10-01 16:02:02 | Rows: 0
Date: 2023-10-01 16:03:02 | Rows: 0
Date: 2023-10-01 16:04:02 | Rows: 0
Date: 2023-10-01 16:05:03 | Rows: 0
Date: 2023-10-01 16:06:02 | Rows: 0
Date: 2023-10-01 16:07:01 | Rows: 0
Date: 2023-10-01 16:08:02 | Rows: 0
Date: 2023-10-01 16:09:02 | Rows: 0
Date: 2023-10-01 16:10:02 | Rows: 0
Date: 2023-10-01 16:11:01 | Rows: 0
Date: 2023-10-01 16:12:02 | Rows: 0
Date: 2023-10-01 16:13:02 | Rows: 0
Date: 2023-10-01 16:14:02 | Rows: 0
Date: 2023-10-01 16:15:02 | Rows: 0
Date: 2023-10-01 16:16:02 | Rows: 0
Date: 2023-10-01 16:17:02 | Rows: 0
Date: 2023-10-01 16:18:02 | Rows: 0
Date: 2023-10-01 16:19:02 | Rows: 0
Date: 2023-10-01 16:20:02 | Rows: 0
Date: 2023-10-01 16:21:02 | Rows: 0
Date: 2023-10-01 16:22:02 | Rows: 0
Date: 2023-10-01 16:23:02 | Rows: 0
Date: 2023-10-01 16:24:02 | Rows: 0
Date: 2023-10-01 16:25:02 | Rows: 0
Date: 2023-10-01 16:26:02 | Rows: 0
Date: 2023-10-01 16:27:02 | Rows: 0
Date: 2023-10-01 16:28:02 | Rows: 0
Date: 2023-10-01 16:29:02 | Rows: 0
Date: 2023-10-01 16:30:02 | Rows: 0
Date: 2023-10-01 16:31:02 | Rows: 0
Date: 2023-10-01 16:32:02 | Rows: 0
Date: 2023-10-01 16:33:02 | Rows: 0
Date: 2023-10-01 16:34:01 | Rows: 0
Date: 2023-10-01 16:35:02 | Rows: 0
Date: 2023-10-01 16:36:02 | Rows: 0
Date: 2023-10-01 16:37:02 | Rows: 0
Date: 2023-10-01 16:38:01 | Rows: 0
Date: 2023-10-01 16:39:01 | Rows: 0
Date: 2023-10-01 16:40:01 | Rows: 0
Date: 2023-10-01 16:41:02 | Rows: 0
Date: 2023-10-01 16:42:02 | Rows: 0
Date: 2023-10-01 16:43:02 | Rows: 0
Error: Bad Request: message text is emptyDate: 2023-10-01 16:44:02 | Rows: 1

Fatal error: Uncaught Error: Call to undefined function GuzzleHttp\Promise\unwrap() in /var/www/html/vendor/irazasyed/telegram-bot-sdk/src/HttpClients/GuzzleHttpClient.php:50
Stack trace:
#0 [internal function]: Telegram\Bot\HttpClients\GuzzleHttpClient->__destruct()
#1 {main}
  thrown in /var/www/html/vendor/irazasyed/telegram-bot-sdk/src/HttpClients/GuzzleHttpClient.php on line 50
No photo or text found.<pre>"156336388356279"</pre>Date: 2023-10-01 16:45:03 | Rows: 0
Date: 2023-10-01 16:46:02 | Rows: 0
Date: 2023-10-01 16:47:02 | Rows: 0
Date: 2023-10-01 16:48:02 | Rows: 0
Date: 2023-10-01 16:49:01 | Rows: 0
Date: 2023-10-01 16:50:02 | Rows: 0
Date: 2023-10-01 16:51:02 | Rows: 1

Fatal error: Uncaught Error: Call to undefined function GuzzleHttp\Promise\unwrap() in /var/www/html/vendor/irazasyed/telegram-bot-sdk/src/HttpClients/GuzzleHttpClient.php:50
Stack trace:
#0 [internal function]: Telegram\Bot\HttpClients\GuzzleHttpClient->__destruct()
#1 {main}
  thrown in /var/www/html/vendor/irazasyed/telegram-bot-sdk/src/HttpClients/GuzzleHttpClient.php on line 50
<pre>"156336407427255"</pre>Date: 2023-10-01 16:52:02 | Rows: 0
Date: 2023-10-01 16:53:02 | Rows: 0
Date: 2023-10-01 16:54:02 | Rows: 0
Date: 2023-10-01 16:55:02 | Rows: 0
Date: 2023-10-01 16:56:02 | Rows: 0
Date: 2023-10-01 16:57:02 | Rows: 0
Date: 2023-10-01 16:58:02 | Rows: 0
Date: 2023-10-01 16:59:02 | Rows: 0
Date: 2023-10-01 17:00:02 | Rows: 0
Date: 2023-10-01 17:01:02 | Rows: 0
Date: 2023-10-01 17:02:02 | Rows: 0
Date: 2023-10-01 17:03:02 | Rows: 0
Date: 2023-10-01 17:04:02 | Rows: 0
Date: 2023-10-01 17:05:03 | Rows: 0
Date: 2023-10-01 17:06:01 | Rows: 0
Date: 2023-10-01 17:07:02 | Rows: 0
Date: 2023-10-01 17:08:02 | Rows: 0
Date: 2023-10-01 17:09:02 | Rows: 0
Date: 2023-10-01 17:10:03 | Rows: 0
Date: 2023-10-01 17:11:01 | Rows: 0
Date: 2023-10-01 17:12:02 | Rows: 0
Date: 2023-10-01 17:13:02 | Rows: 0
Date: 2023-10-01 17:14:03 | Rows: 0
Date: 2023-10-01 17:15:02 | Rows: 0
Date: 2023-10-01 17:16:01 | Rows: 0
Date: 2023-10-01 17:17:01 | Rows: 0
Date: 2023-10-01 17:18:02 | Rows: 0
Date: 2023-10-01 17:19:02 | Rows: 0
Date: 2023-10-01 17:20:02 | Rows: 0
Date: 2023-10-01 17:21:02 | Rows: 0
Date: 2023-10-01 17:22:02 | Rows: 0
Date: 2023-10-01 17:23:02 | Rows: 0
Date: 2023-10-01 17:24:02 | Rows: 0
Date: 2023-10-01 17:25:02 | Rows: 0
Date: 2023-10-01 17:26:02 | Rows: 0
Date: 2023-10-01 17:27:02 | Rows: 0
Date: 2023-10-01 17:28:02 | Rows: 0
Date: 2023-10-01 17:29:02 | Rows: 0
Date: 2023-10-01 17:30:02 | Rows: 0
Date: 2023-10-01 17:31:02 | Rows: 0
Date: 2023-10-01 17:32:02 | Rows: 0
Date: 2023-10-01 17:33:02 | Rows: 0
Date: 2023-10-01 17:34:02 | Rows: 0
Date: 2023-10-01 17:35:02 | Rows: 0
Date: 2023-10-01 17:36:02 | Rows: 0
Date: 2023-10-01 17:37:02 | Rows: 0
Date: 2023-10-01 17:38:02 | Rows: 0
Date: 2023-10-01 17:39:02 | Rows: 0
Date: 2023-10-01 17:40:02 | Rows: 0
Date: 2023-10-01 17:41:02 | Rows: 0
Date: 2023-10-01 17:42:02 | Rows: 0
Date: 2023-10-01 17:43:02 | Rows: 0
Date: 2023-10-01 17:44:02 | Rows: 0
Date: 2023-10-01 17:45:02 | Rows: 0
Date: 2023-10-01 17:46:02 | Rows: 0
Date: 2023-10-01 17:47:02 | Rows: 0
Date: 2023-10-01 17:48:02 | Rows: 0
Date: 2023-10-01 17:49:02 | Rows: 0
Date: 2023-10-01 17:50:02 | Rows: 0
Date: 2023-10-01 17:51:02 | Rows: 0
Date: 2023-10-01 17:52:02 | Rows: 0
Date: 2023-10-01 17:53:02 | Rows: 0
Date: 2023-10-01 17:54:02 | Rows: 0
Date: 2023-10-01 17:55:02 | Rows: 0
Date: 2023-10-01 17:56:02 | Rows: 0
Date: 2023-10-01 17:57:02 | Rows: 0
Date: 2023-10-01 17:58:02 | Rows: 0
Date: 2023-10-01 17:59:02 | Rows: 0
Date: 2023-10-01 18:00:01 | Rows: 0
Date: 2023-10-01 18:01:02 | Rows: 0
Date: 2023-10-01 18:02:02 | Rows: 0
Date: 2023-10-01 18:03:02 | Rows: 0
Date: 2023-10-01 18:04:02 | Rows: 0
Date: 2023-10-01 18:05:02 | Rows: 0
Date: 2023-10-01 18:06:02 | Rows: 0
Date: 2023-10-01 18:07:02 | Rows: 0
Date: 2023-10-01 18:08:02 | Rows: 0
Date: 2023-10-01 18:09:02 | Rows: 0
Date: 2023-10-01 18:10:02 | Rows: 0
Date: 2023-10-01 18:11:02 | Rows: 0
Date: 2023-10-01 18:12:02 | Rows: 0
Date: 2023-10-01 18:13:02 | Rows: 0
Date: 2023-10-01 18:14:02 | Rows: 0
Date: 2023-10-01 18:15:02 | Rows: 0
Date: 2023-10-01 18:16:02 | Rows: 0
Date: 2023-10-01 18:17:02 | Rows: 0
Date: 2023-10-01 18:18:02 | Rows: 0
Date: 2023-10-01 18:19:02 | Rows: 0
Date: 2023-10-01 18:20:02 | Rows: 0
Date: 2023-10-01 18:21:02 | Rows: 0
Date: 2023-10-01 18:22:02 | Rows: 0
Date: 2023-10-01 18:23:02 | Rows: 0
Date: 2023-10-01 18:24:02 | Rows: 0
Date: 2023-10-01 18:25:02 | Rows: 0
Date: 2023-10-01 18:26:02 | Rows: 0
Date: 2023-10-01 18:27:02 | Rows: 0
Date: 2023-10-01 18:28:02 | Rows: 0
Date: 2023-10-01 18:29:02 | Rows: 0
Date: 2023-10-01 18:30:02 | Rows: 0
Date: 2023-10-01 18:31:02 | Rows: 0
Date: 2023-10-01 18:32:02 | Rows: 0
Date: 2023-10-01 18:33:02 | Rows: 0
Date: 2023-10-01 18:34:02 | Rows: 0
Date: 2023-10-01 18:35:02 | Rows: 0
Date: 2023-10-01 18:36:02 | Rows: 0
Date: 2023-10-01 18:37:02 | Rows: 0
Date: 2023-10-01 18:38:02 | Rows: 0
Date: 2023-10-01 18:39:02 | Rows: 0
Date: 2023-10-01 18:40:03 | Rows: 0
Date: 2023-10-01 18:41:01 | Rows: 0
Date: 2023-10-01 18:42:01 | Rows: 0
Date: 2023-10-01 18:43:03 | Rows: 0
Date: 2023-10-01 18:44:01 | Rows: 0
Date: 2023-10-01 18:45:02 | Rows: 0
Date: 2023-10-01 18:46:02 | Rows: 0
Date: 2023-10-01 18:47:02 | Rows: 0
Date: 2023-10-01 18:48:02 | Rows: 0
Date: 2023-10-01 18:49:02 | Rows: 0
Date: 2023-10-01 18:50:02 | Rows: 0
Date: 2023-10-01 18:51:02 | Rows: 0
Date: 2023-10-01 18:52:02 | Rows: 0
Date: 2023-10-01 18:53:02 | Rows: 0
Date: 2023-10-01 18:54:02 | Rows: 0
Date: 2023-10-01 18:55:02 | Rows: 0
Date: 2023-10-01 18:56:02 | Rows: 0
Date: 2023-10-01 18:57:02 | Rows: 0
Date: 2023-10-01 18:58:02 | Rows: 0
Date: 2023-10-01 18:59:02 | Rows: 0
Date: 2023-10-01 19:00:03 | Rows: 0
Date: 2023-10-01 19:01:02 | Rows: 0
Date: 2023-10-01 19:02:02 | Rows: 0
Date: 2023-10-01 19:03:02 | Rows: 0
Date: 2023-10-01 19:04:01 | Rows: 0
Date: 2023-10-01 19:05:02 | Rows: 0
Date: 2023-10-01 19:06:02 | Rows: 0
Date: 2023-10-01 19:07:02 | Rows: 0
Date: 2023-10-01 19:08:01 | Rows: 0
Date: 2023-10-01 19:09:02 | Rows: 0
Date: 2023-10-01 19:10:02 | Rows: 0
Date: 2023-10-01 19:11:02 | Rows: 0
Date: 2023-10-01 19:12:02 | Rows: 0
Date: 2023-10-01 19:13:02 | Rows: 0
Date: 2023-10-01 19:14:02 | Rows: 0
Date: 2023-10-01 19:15:02 | Rows: 0
Date: 2023-10-01 19:16:02 | Rows: 0
Date: 2023-10-01 19:17:02 | Rows: 0
Date: 2023-10-01 19:18:02 | Rows: 0
Date: 2023-10-01 19:19:02 | Rows: 0
Date: 2023-10-01 19:20:02 | Rows: 0
Date: 2023-10-01 19:21:02 | Rows: 0
Date: 2023-10-01 19:22:01 | Rows: 0
Date: 2023-10-01 19:23:01 | Rows: 0
Date: 2023-10-01 19:24:02 | Rows: 0
Date: 2023-10-01 19:25:02 | Rows: 0
Date: 2023-10-01 19:26:02 | Rows: 0
Date: 2023-10-01 19:27:02 | Rows: 0
Date: 2023-10-01 19:28:02 | Rows: 0
Date: 2023-10-01 19:29:02 | Rows: 0
Date: 2023-10-01 19:30:02 | Rows: 0
Date: 2023-10-01 19:31:02 | Rows: 0
Date: 2023-10-01 19:32:02 | Rows: 0
Date: 2023-10-01 19:33:01 | Rows: 0
Date: 2023-10-01 19:34:01 | Rows: 0
Date: 2023-10-01 19:35:03 | Rows: 0
Date: 2023-10-01 19:36:02 | Rows: 0
Date: 2023-10-01 19:37:02 | Rows: 0
Date: 2023-10-01 19:38:01 | Rows: 0
Date: 2023-10-01 19:39:02 | Rows: 0
Date: 2023-10-01 19:40:01 | Rows: 0
Date: 2023-10-01 19:41:01 | Rows: 0
Date: 2023-10-01 19:42:01 | Rows: 0
Date: 2023-10-01 19:43:02 | Rows: 0
Date: 2023-10-01 19:44:02 | Rows: 0
Date: 2023-10-01 19:45:03 | Rows: 0
Date: 2023-10-01 19:46:02 | Rows: 0
Date: 2023-10-01 19:47:02 | Rows: 0
Date: 2023-10-01 19:48:02 | Rows: 0
Date: 2023-10-01 19:49:02 | Rows: 0
Date: 2023-10-01 19:50:02 | Rows: 0
Date: 2023-10-01 19:51:02 | Rows: 0
Date: 2023-10-01 19:52:01 | Rows: 0
Date: 2023-10-01 19:53:01 | Rows: 0
Date: 2023-10-01 19:54:01 | Rows: 0
Date: 2023-10-01 19:55:02 | Rows: 0
Date: 2023-10-01 19:56:02 | Rows: 0
Date: 2023-10-01 19:57:02 | Rows: 0
Date: 2023-10-01 19:58:02 | Rows: 0
Date: 2023-10-01 19:59:02 | Rows: 0
Date: 2023-10-01 20:00:02 | Rows: 0
Date: 2023-10-01 20:01:01 | Rows: 0
Date: 2023-10-01 20:02:01 | Rows: 0
Date: 2023-10-01 20:03:02 | Rows: 0
Date: 2023-10-01 20:04:02 | Rows: 0
Date: 2023-10-01 20:05:02 | Rows: 0
Date: 2023-10-01 20:06:02 | Rows: 0
Date: 2023-10-01 20:07:02 | Rows: 0
Date: 2023-10-01 20:08:02 | Rows: 0
Date: 2023-10-01 20:09:02 | Rows: 0
Date: 2023-10-01 20:10:02 | Rows: 0
Date: 2023-10-01 20:11:02 | Rows: 0
Date: 2023-10-01 20:12:02 | Rows: 0
Date: 2023-10-01 20:13:02 | Rows: 0
Date: 2023-10-01 20:14:02 | Rows: 0
Date: 2023-10-01 20:15:02 | Rows: 0
Date: 2023-10-01 20:16:02 | Rows: 0
Date: 2023-10-01 20:17:02 | Rows: 0
Date: 2023-10-01 20:18:02 | Rows: 0
Date: 2023-10-01 20:19:02 | Rows: 0
Date: 2023-10-01 20:20:02 | Rows: 0
Date: 2023-10-01 20:21:02 | Rows: 0
Date: 2023-10-01 20:22:02 | Rows: 0
Date: 2023-10-01 20:23:02 | Rows: 0
Date: 2023-10-01 20:24:01 | Rows: 0
Date: 2023-10-01 20:25:01 | Rows: 0
Date: 2023-10-01 20:26:01 | Rows: 0
Date: 2023-10-01 20:27:01 | Rows: 0
Date: 2023-10-01 20:28:02 | Rows: 0
Date: 2023-10-01 20:29:02 | Rows: 0
Date: 2023-10-01 20:30:02 | Rows: 0
Date: 2023-10-01 20:31:01 | Rows: 0
Date: 2023-10-01 20:32:01 | Rows: 0
Date: 2023-10-01 20:33:01 | Rows: 0
Date: 2023-10-01 20:34:02 | Rows: 0
Date: 2023-10-01 20:35:02 | Rows: 0
Date: 2023-10-01 20:36:02 | Rows: 0
Date: 2023-10-01 20:37:02 | Rows: 0
Date: 2023-10-01 20:38:02 | Rows: 0
Date: 2023-10-01 20:39:02 | Rows: 0
Date: 2023-10-01 20:40:02 | Rows: 0
Date: 2023-10-01 20:41:02 | Rows: 0
Date: 2023-10-01 20:42:02 | Rows: 0
Date: 2023-10-01 20:43:01 | Rows: 0
Date: 2023-10-01 20:44:01 | Rows: 0
Date: 2023-10-01 20:45:01 | Rows: 0
Date: 2023-10-01 20:46:02 | Rows: 0
Date: 2023-10-01 20:47:02 | Rows: 0
Date: 2023-10-01 20:48:02 | Rows: 0
Date: 2023-10-01 20:49:02 | Rows: 0
Date: 2023-10-01 20:50:02 | Rows: 0
Date: 2023-10-01 20:51:02 | Rows: 0
Date: 2023-10-01 20:52:02 | Rows: 0
Date: 2023-10-01 20:53:02 | Rows: 0
Date: 2023-10-01 20:54:02 | Rows: 0
Date: 2023-10-01 20:55:02 | Rows: 0
Date: 2023-10-01 20:56:02 | Rows: 0
Date: 2023-10-01 20:57:02 | Rows: 0
Date: 2023-10-01 20:58:01 | Rows: 0
Date: 2023-10-01 20:59:01 | Rows: 0
Date: 2023-10-01 21:00:03 | Rows: 0
Date: 2023-10-01 21:01:02 | Rows: 0
Date: 2023-10-01 21:02:02 | Rows: 0
Date: 2023-10-01 21:03:01 | Rows: 0
Date: 2023-10-01 21:04:02 | Rows: 0
Date: 2023-10-01 21:05:02 | Rows: 0
Date: 2023-10-01 21:06:02 | Rows: 0
Date: 2023-10-01 21:07:02 | Rows: 0
Date: 2023-10-01 21:08:02 | Rows: 0
Date: 2023-10-01 21:09:03 | Rows: 0
Date: 2023-10-01 21:10:01 | Rows: 0
Date: 2023-10-01 21:11:01 | Rows: 0
Date: 2023-10-01 21:12:02 | Rows: 0
Date: 2023-10-01 21:13:02 | Rows: 0
Date: 2023-10-01 21:14:02 | Rows: 0
Date: 2023-10-01 21:15:02 | Rows: 0
Date: 2023-10-01 21:16:02 | Rows: 0
Date: 2023-10-01 21:17:02 | Rows: 0
Date: 2023-10-01 21:18:02 | Rows: 0
Date: 2023-10-01 21:19:02 | Rows: 0
Date: 2023-10-01 21:20:02 | Rows: 0
Date: 2023-10-01 21:21:02 | Rows: 0
Date: 2023-10-01 21:22:02 | Rows: 0
Date: 2023-10-01 21:23:02 | Rows: 0
Date: 2023-10-01 21:24:02 | Rows: 0
Date: 2023-10-01 21:25:01 | Rows: 0
Date: 2023-10-01 21:26:01 | Rows: 0
Date: 2023-10-01 21:27:02 | Rows: 0
Date: 2023-10-01 21:28:02 | Rows: 0
Date: 2023-10-01 21:29:02 | Rows: 0
Date: 2023-10-01 21:30:02 | Rows: 0
Date: 2023-10-01 21:31:02 | Rows: 0
Date: 2023-10-01 21:32:01 | Rows: 0
Date: 2023-10-01 21:33:01 | Rows: 0
Date: 2023-10-01 21:34:02 | Rows: 0
Date: 2023-10-01 21:35:02 | Rows: 0
Date: 2023-10-01 21:36:02 | Rows: 0
Date: 2023-10-01 21:37:02 | Rows: 0
Date: 2023-10-01 21:38:02 | Rows: 0
Date: 2023-10-01 21:39:02 | Rows: 0
Date: 2023-10-01 21:40:02 | Rows: 0
Date: 2023-10-01 21:41:01 | Rows: 0
Date: 2023-10-01 21:42:01 | Rows: 0
Date: 2023-10-01 21:43:01 | Rows: 0
Date: 2023-10-01 21:44:01 | Rows: 0
Date: 2023-10-01 21:45:02 | Rows: 0
Date: 2023-10-01 21:46:02 | Rows: 0
Date: 2023-10-01 21:47:02 | Rows: 0
Date: 2023-10-01 21:48:02 | Rows: 0
Date: 2023-10-01 21:49:02 | Rows: 0
Date: 2023-10-01 21:50:02 | Rows: 0
Date: 2023-10-01 21:51:02 | Rows: 0
Date: 2023-10-01 21:52:01 | Rows: 0
Date: 2023-10-01 21:53:02 | Rows: 0
Date: 2023-10-01 21:54:02 | Rows: 0
Date: 2023-10-01 21:55:02 | Rows: 0
Date: 2023-10-01 21:56:02 | Rows: 0
Date: 2023-10-01 21:57:02 | Rows: 0
Date: 2023-10-01 21:58:02 | Rows: 0
Date: 2023-10-01 21:59:01 | Rows: 0
Date: 2023-10-01 22:00:02 | Rows: 0
Date: 2023-10-01 22:01:02 | Rows: 0
Date: 2023-10-01 22:02:02 | Rows: 0
Date: 2023-10-01 22:03:01 | Rows: 0
Date: 2023-10-01 22:04:02 | Rows: 0
Date: 2023-10-01 22:05:02 | Rows: 0
Date: 2023-10-01 22:06:02 | Rows: 0
Date: 2023-10-01 22:07:02 | Rows: 0
Date: 2023-10-01 22:08:02 | Rows: 0
Date: 2023-10-01 22:09:02 | Rows: 0
Date: 2023-10-01 22:10:02 | Rows: 0
Date: 2023-10-01 22:11:02 | Rows: 0
Date: 2023-10-01 22:12:01 | Rows: 0
Date: 2023-10-01 22:13:02 | Rows: 0
Date: 2023-10-01 22:14:02 | Rows: 0
Date: 2023-10-01 22:15:02 | Rows: 0
Date: 2023-10-01 22:16:02 | Rows: 0
Date: 2023-10-01 22:17:02 | Rows: 0
Date: 2023-10-01 22:18:01 | Rows: 0
Date: 2023-10-01 22:19:02 | Rows: 0
Date: 2023-10-01 22:20:02 | Rows: 0
Date: 2023-10-01 22:21:02 | Rows: 0
Date: 2023-10-01 22:22:02 | Rows: 0
Date: 2023-10-01 22:23:02 | Rows: 0
Date: 2023-10-01 22:24:02 | Rows: 0
Date: 2023-10-01 22:25:01 | Rows: 0
Date: 2023-10-01 22:26:02 | Rows: 0
Date: 2023-10-01 22:27:01 | Rows: 0
Date: 2023-10-01 22:28:02 | Rows: 0
Date: 2023-10-01 22:29:02 | Rows: 0
Date: 2023-10-01 22:30:02 | Rows: 0
Date: 2023-10-01 22:31:02 | Rows: 0
Date: 2023-10-01 22:32:02 | Rows: 0
Date: 2023-10-01 22:33:02 | Rows: 0
Date: 2023-10-01 22:34:02 | Rows: 0
Date: 2023-10-01 22:35:02 | Rows: 0
Date: 2023-10-01 22:36:02 | Rows: 0
Date: 2023-10-01 22:37:02 | Rows: 0
Date: 2023-10-01 22:38:01 | Rows: 0
Date: 2023-10-01 22:39:01 | Rows: 0
Date: 2023-10-01 22:40:01 | Rows: 0
Date: 2023-10-01 22:41:02 | Rows: 0
Date: 2023-10-01 22:42:02 | Rows: 0
Date: 2023-10-01 22:43:02 | Rows: 0
Date: 2023-10-01 22:44:02 | Rows: 0
Date: 2023-10-01 22:45:02 | Rows: 0
Date: 2023-10-01 22:46:01 | Rows: 0
Фотография успешно загружена: 9kW8XgPpNnI.jpg<br>Date: 2023-10-01 22:47:03 | Rows: 1

Fatal error: Uncaught Error: Call to undefined function GuzzleHttp\Promise\unwrap() in /var/www/html/vendor/irazasyed/telegram-bot-sdk/src/HttpClients/GuzzleHttpClient.php:50
Stack trace:
#0 [internal function]: Telegram\Bot\HttpClients\GuzzleHttpClient->__destruct()
#1 {main}
  thrown in /var/www/html/vendor/irazasyed/telegram-bot-sdk/src/HttpClients/GuzzleHttpClient.php on line 50
<pre>"156336962386103"</pre>Date: 2023-10-01 22:48:02 | Rows: 0
Date: 2023-10-01 22:49:02 | Rows: 0
Date: 2023-10-01 22:50:02 | Rows: 0
Date: 2023-10-01 22:51:02 | Rows: 0
Date: 2023-10-01 22:52:02 | Rows: 0
Date: 2023-10-01 22:53:02 | Rows: 0
Date: 2023-10-01 22:54:02 | Rows: 0
Date: 2023-10-01 22:55:02 | Rows: 0
Date: 2023-10-01 22:56:02 | Rows: 0
Date: 2023-10-01 22:57:02 | Rows: 0
Date: 2023-10-01 22:58:02 | Rows: 0
Date: 2023-10-01 22:59:02 | Rows: 0
Date: 2023-10-01 23:00:02 | Rows: 0
Date: 2023-10-01 23:01:02 | Rows: 0
Date: 2023-10-01 23:02:02 | Rows: 0
Date: 2023-10-01 23:03:02 | Rows: 0
Date: 2023-10-01 23:04:02 | Rows: 0
Date: 2023-10-01 23:05:02 | Rows: 0
Date: 2023-10-01 23:06:02 | Rows: 0
Date: 2023-10-01 23:07:02 | Rows: 0
Date: 2023-10-01 23:08:02 | Rows: 0
Date: 2023-10-01 23:09:02 | Rows: 0
Date: 2023-10-01 23:10:02 | Rows: 0
Date: 2023-10-01 23:11:02 | Rows: 0
Date: 2023-10-01 23:12:01 | Rows: 0
Date: 2023-10-01 23:13:02 | Rows: 0
Date: 2023-10-01 23:14:02 | Rows: 0
